<?xml version="1.0" encoding="UTF-8"?>
<!-- Generated by org.testng.reporters.JUnitXMLReporter -->
<testsuite ignored="0" hostname="DESKTOP-UARTOMT" failures="0" tests="3" name="Default test" time="7.326" errors="0" timestamp="2021-07-26T01:17:40 CDT">
  <testcase classname="TestFramework.excelDriven" name="deleteBook" time="4.313"/>
  <testcase classname="TestFramework.excelDriven" name="addBook" time="0.985"/>
  <testcase classname="TestFramework.excelDriven" name="getBook" time="0.695"/>
</testsuite> <!-- Default test -->
