<?xml version="1.0" encoding="UTF-8"?>
<!-- Generated by org.testng.reporters.JUnitXMLReporter -->
<testsuite ignored="0" hostname="DESKTOP-UARTOMT" failures="0" tests="3" name="Default test" time="5.519" errors="0" timestamp="2021-07-25T22:54:48 CDT">
  <testcase classname="TestFramework.excelDriven" name="deleteBook" time="2.923"/>
  <testcase classname="TestFramework.excelDriven" name="addBook" time="0.923"/>
  <testcase classname="TestFramework.excelDriven" name="getBook" time="0.706"/>
</testsuite> <!-- Default test -->
