<?xml version="1.0" encoding="UTF-8"?>
<!-- Generated by org.testng.reporters.JUnitXMLReporter -->
<testsuite ignored="0" hostname="DESKTOP-UARTOMT" failures="0" tests="3" name="Test" time="8.71" errors="0" timestamp="2021-07-26T02:07:57 CDT">
  <testcase classname="TestFramework.excelDriven" name="deleteBook" time="4.533"/>
  <testcase classname="TestFramework.excelDriven" name="addBook" time="1.222"/>
  <testcase classname="TestFramework.excelDriven" name="getBook" time="0.668"/>
</testsuite> <!-- Test -->
