<?xml version="1.0" encoding="UTF-8"?>
<testng-results skipped="0" failed="0" ignored="0" total="3" passed="3">
  <reporter-output>
  </reporter-output>
  <suite name="Example test run" duration-ms="6094" started-at="2021-07-25T23:29:44 CDT" finished-at="2021-07-25T23:29:50 CDT">
    <groups>
    </groups>
    <test name="Simple Test" duration-ms="6094" started-at="2021-07-25T23:29:44 CDT" finished-at="2021-07-25T23:29:50 CDT">
      <class name="TestFramework.excelDriven">
        <test-method status="PASS" signature="setupMethod()[pri:0, instance:TestFramework.excelDriven@3cef309d]" name="setupMethod" is-config="true" duration-ms="744" started-at="2021-07-25T23:29:44 CDT" finished-at="2021-07-25T23:29:45 CDT">
          <reporter-output>
          </reporter-output>
        </test-method> <!-- setupMethod -->
        <test-method status="PASS" signature="deleteBook()[pri:1, instance:TestFramework.excelDriven@3cef309d]" name="deleteBook" duration-ms="3843" started-at="2021-07-25T23:29:45 CDT" finished-at="2021-07-25T23:29:48 CDT">
          <reporter-output>
          </reporter-output>
        </test-method> <!-- deleteBook -->
        <test-method status="PASS" signature="assertion()[pri:0, instance:TestFramework.excelDriven@3cef309d]" name="assertion" is-config="true" duration-ms="0" started-at="2021-07-25T23:29:48 CDT" finished-at="2021-07-25T23:29:48 CDT">
          <reporter-output>
          </reporter-output>
        </test-method> <!-- assertion -->
        <test-method status="PASS" signature="setupMethod()[pri:0, instance:TestFramework.excelDriven@3cef309d]" name="setupMethod" is-config="true" duration-ms="3" started-at="2021-07-25T23:29:48 CDT" finished-at="2021-07-25T23:29:48 CDT">
          <reporter-output>
          </reporter-output>
        </test-method> <!-- setupMethod -->
        <test-method status="PASS" signature="addBook()[pri:2, instance:TestFramework.excelDriven@3cef309d]" name="addBook" duration-ms="869" started-at="2021-07-25T23:29:48 CDT" finished-at="2021-07-25T23:29:49 CDT">
          <reporter-output>
          </reporter-output>
        </test-method> <!-- addBook -->
        <test-method status="PASS" signature="assertion()[pri:0, instance:TestFramework.excelDriven@3cef309d]" name="assertion" is-config="true" duration-ms="0" started-at="2021-07-25T23:29:49 CDT" finished-at="2021-07-25T23:29:49 CDT">
          <reporter-output>
          </reporter-output>
        </test-method> <!-- assertion -->
        <test-method status="PASS" signature="setupMethod()[pri:0, instance:TestFramework.excelDriven@3cef309d]" name="setupMethod" is-config="true" duration-ms="1" started-at="2021-07-25T23:29:49 CDT" finished-at="2021-07-25T23:29:49 CDT">
          <reporter-output>
          </reporter-output>
        </test-method> <!-- setupMethod -->
        <test-method status="PASS" signature="getBook()[pri:3, instance:TestFramework.excelDriven@3cef309d]" name="getBook" duration-ms="593" started-at="2021-07-25T23:29:49 CDT" finished-at="2021-07-25T23:29:50 CDT">
          <reporter-output>
          </reporter-output>
        </test-method> <!-- getBook -->
        <test-method status="PASS" signature="assertion()[pri:0, instance:TestFramework.excelDriven@3cef309d]" name="assertion" is-config="true" duration-ms="1" started-at="2021-07-25T23:29:50 CDT" finished-at="2021-07-25T23:29:50 CDT">
          <reporter-output>
          </reporter-output>
        </test-method> <!-- assertion -->
      </class> <!-- TestFramework.excelDriven -->
    </test> <!-- Simple Test -->
  </suite> <!-- Example test run -->
</testng-results>
