<?xml version="1.0" encoding="UTF-8"?>
<testng-results ignored="0" total="3" passed="3" failed="0" skipped="0">
  <reporter-output>
  </reporter-output>
  <suite started-at="2021-07-26T01:08:43 CDT" name="Default suite" finished-at="2021-07-26T01:08:50 CDT" duration-ms="6940">
    <groups>
    </groups>
    <test started-at="2021-07-26T01:08:43 CDT" name="Default test" finished-at="2021-07-26T01:08:50 CDT" duration-ms="6940">
      <class name="TestFramework.excelDriven">
        <test-method is-config="true" signature="setupMethod()[pri:0, instance:TestFramework.excelDriven@209da20d]" started-at="2021-07-26T01:08:43 CDT" name="setupMethod" finished-at="2021-07-26T01:08:44 CDT" duration-ms="1353" status="PASS">
          <reporter-output>
          </reporter-output>
        </test-method> <!-- setupMethod -->
        <test-method signature="deleteBook()[pri:1, instance:TestFramework.excelDriven@209da20d]" started-at="2021-07-26T01:08:44 CDT" name="deleteBook" finished-at="2021-07-26T01:08:48 CDT" duration-ms="3792" status="PASS">
          <reporter-output>
          </reporter-output>
        </test-method> <!-- deleteBook -->
        <test-method is-config="true" signature="assertion()[pri:0, instance:TestFramework.excelDriven@209da20d]" started-at="2021-07-26T01:08:48 CDT" name="assertion" finished-at="2021-07-26T01:08:48 CDT" duration-ms="3" status="PASS">
          <reporter-output>
          </reporter-output>
        </test-method> <!-- assertion -->
        <test-method is-config="true" signature="setupMethod()[pri:0, instance:TestFramework.excelDriven@209da20d]" started-at="2021-07-26T01:08:48 CDT" name="setupMethod" finished-at="2021-07-26T01:08:48 CDT" duration-ms="4" status="PASS">
          <reporter-output>
          </reporter-output>
        </test-method> <!-- setupMethod -->
        <test-method signature="addBook()[pri:2, instance:TestFramework.excelDriven@209da20d]" started-at="2021-07-26T01:08:48 CDT" name="addBook" finished-at="2021-07-26T01:08:49 CDT" duration-ms="1075" status="PASS">
          <reporter-output>
          </reporter-output>
        </test-method> <!-- addBook -->
        <test-method is-config="true" signature="assertion()[pri:0, instance:TestFramework.excelDriven@209da20d]" started-at="2021-07-26T01:08:49 CDT" name="assertion" finished-at="2021-07-26T01:08:49 CDT" duration-ms="0" status="PASS">
          <reporter-output>
          </reporter-output>
        </test-method> <!-- assertion -->
        <test-method is-config="true" signature="setupMethod()[pri:0, instance:TestFramework.excelDriven@209da20d]" started-at="2021-07-26T01:08:49 CDT" name="setupMethod" finished-at="2021-07-26T01:08:49 CDT" duration-ms="1" status="PASS">
          <reporter-output>
          </reporter-output>
        </test-method> <!-- setupMethod -->
        <test-method signature="getBook()[pri:3, instance:TestFramework.excelDriven@209da20d]" started-at="2021-07-26T01:08:49 CDT" name="getBook" finished-at="2021-07-26T01:08:50 CDT" duration-ms="661" status="PASS">
          <reporter-output>
          </reporter-output>
        </test-method> <!-- getBook -->
        <test-method is-config="true" signature="assertion()[pri:0, instance:TestFramework.excelDriven@209da20d]" started-at="2021-07-26T01:08:50 CDT" name="assertion" finished-at="2021-07-26T01:08:50 CDT" duration-ms="1" status="PASS">
          <reporter-output>
          </reporter-output>
        </test-method> <!-- assertion -->
      </class> <!-- TestFramework.excelDriven -->
    </test> <!-- Default test -->
  </suite> <!-- Default suite -->
</testng-results>
