<?xml version="1.0" encoding="UTF-8"?>
<testng-results ignored="2" total="3" passed="1" failed="0" skipped="0">
  <reporter-output>
  </reporter-output>
  <suite started-at="2021-07-25T21:27:00 CDT" name="Default suite" finished-at="2021-07-25T21:27:03 CDT" duration-ms="3062">
    <groups>
    </groups>
    <test started-at="2021-07-25T21:27:00 CDT" name="Default test" finished-at="2021-07-25T21:27:03 CDT" duration-ms="3062">
      <class name="TestFramework.excelDriven">
        <test-method is-config="true" signature="setupMethod()[pri:0, instance:TestFramework.excelDriven@342c38f8]" started-at="2021-07-25T21:27:00 CDT" name="setupMethod" finished-at="2021-07-25T21:27:00 CDT" duration-ms="800" status="PASS">
          <reporter-output>
          </reporter-output>
        </test-method> <!-- setupMethod -->
        <test-method signature="getBook()[pri:3, instance:TestFramework.excelDriven@342c38f8]" started-at="2021-07-25T21:27:00 CDT" name="getBook" finished-at="2021-07-25T21:27:03 CDT" duration-ms="2223" status="PASS">
          <reporter-output>
          </reporter-output>
        </test-method> <!-- getBook -->
        <test-method is-config="true" signature="assertion()[pri:0, instance:TestFramework.excelDriven@342c38f8]" started-at="2021-07-25T21:27:03 CDT" name="assertion" finished-at="2021-07-25T21:27:03 CDT" duration-ms="0" status="PASS">
          <reporter-output>
          </reporter-output>
        </test-method> <!-- assertion -->
      </class> <!-- TestFramework.excelDriven -->
    </test> <!-- Default test -->
  </suite> <!-- Default suite -->
</testng-results>
