<?xml version="1.0" encoding="UTF-8"?>
<!-- Generated by org.testng.reporters.JUnitXMLReporter -->
<testsuite hostname="DESKTOP-UARTOMT" ignored="0" name="Simple Test" tests="3" failures="0" timestamp="2021-07-25T23:29:50 CDT" time="6.094" errors="0">
  <testcase name="deleteBook" time="3.843" classname="TestFramework.excelDriven"/>
  <testcase name="addBook" time="0.869" classname="TestFramework.excelDriven"/>
  <testcase name="getBook" time="0.593" classname="TestFramework.excelDriven"/>
</testsuite> <!-- Simple Test -->
